<?xml version="1.0" encoding="UTF-8"?>
<testsuite name="Website Test"
           tests="3"
           failures="0"
           errors="0"
           skipped="0"
           time="15.552">
  <properties />
  
  
            <testcase name="aColumbianNationalComingToTheUKToJoinAPartnerForALongStayTheyDoHaveAnArticle10Or20Card" time="3.245" classname="gov.uk.check.visa.testsuite.VisaConfirmationTest" />
                <testcase name="anAustralianComingToUKForTourism" time="5.879" classname="gov.uk.check.visa.testsuite.VisaConfirmationTest" />
                <testcase name="aChileanComingToTheUKForWorkAndPlansOnStayingForLongerThanSixMonths" time="6.428" classname="gov.uk.check.visa.testsuite.VisaConfirmationTest" />
      
</testsuite>
